<?xml version="1.0" encoding="UTF-8"?>
<testsuite xmlns:xsi="http://www.w3.org/2001/XMLSchema-instance" xsi:schemaLocation="https://maven.apache.org/surefire/maven-surefire-plugin/xsd/surefire-test-report.xsd" name="ds.Todos" time="0.139" tests="126" errors="0" skipped="0" failures="0">
  <properties>
    <property name="java.runtime.name" value="Java(TM) SE Runtime Environment"/>
    <property name="sun.boot.library.path" value="/local/tools/jdk1.8.0_92/jre/lib/amd64"/>
    <property name="java.vm.version" value="25.92-b14"/>
    <property name="testName" value="ds.Todos"/>
    <property name="java.vm.vendor" value="Oracle Corporation"/>
    <property name="maven.multiModuleProjectDirectory" value="/home/auri/temp/EclipseWorkspace/31CasamentoExato"/>
    <property name="java.vendor.url" value="http://java.oracle.com/"/>
    <property name="path.separator" value=":"/>
    <property name="guice.disable.misplaced.annotation.check" value="true"/>
    <property name="java.vm.name" value="Java HotSpot(TM) 64-Bit Server VM"/>
    <property name="file.encoding.pkg" value="sun.io"/>
    <property name="user.country" value="BR"/>
    <property name="sun.java.launcher" value="SUN_STANDARD"/>
    <property name="sun.os.patch.level" value="unknown"/>
    <property name="java.vm.specification.name" value="Java Virtual Machine Specification"/>
    <property name="user.dir" value="/home/auri/OneDrive/temp/EclipseWorkspace/31CasamentoExato"/>
    <property name="java.runtime.version" value="1.8.0_92-b14"/>
    <property name="java.awt.graphicsenv" value="sun.awt.X11GraphicsEnvironment"/>
    <property name="java.endorsed.dirs" value="/local/tools/jdk1.8.0_92/jre/lib/endorsed"/>
    <property name="os.arch" value="amd64"/>
    <property name="java.io.tmpdir" value="/tmp"/>
    <property name="line.separator" value="&#10;"/>
    <property name="java.vm.specification.vendor" value="Oracle Corporation"/>
    <property name="os.name" value="Linux"/>
    <property name="classworlds.conf" value="/local/tools/apache-maven-3.3.3/bin/m2.conf"/>
    <property name="sun.jnu.encoding" value="UTF-8"/>
    <property name="java.library.path" value="/usr/java/packages/lib/amd64:/usr/lib64:/lib64:/lib:/usr/lib"/>
    <property name="java.specification.name" value="Java Platform API Specification"/>
    <property name="java.class.version" value="52.0"/>
    <property name="sun.management.compiler" value="HotSpot 64-Bit Tiered Compilers"/>
    <property name="os.version" value="4.4.0-28-generic"/>
    <property name="user.home" value="/home/auri"/>
    <property name="user.timezone" value="America/Sao_Paulo"/>
    <property name="java.awt.printerjob" value="sun.print.PSPrinterJob"/>
    <property name="java.specification.version" value="1.8"/>
    <property name="file.encoding" value="UTF-8"/>
    <property name="user.name" value="auri"/>
    <property name="java.class.path" value="/local/tools/apache-maven-3.3.3/boot/plexus-classworlds-2.5.2.jar"/>
    <property name="java.vm.specification.version" value="1.8"/>
    <property name="sun.arch.data.model" value="64"/>
    <property name="java.home" value="/local/tools/jdk1.8.0_92/jre"/>
    <property name="sun.java.command" value="org.codehaus.plexus.classworlds.launcher.Launcher -DclassName=ds.CasamentoExato -DtestName=ds.Todos clean install org.pitest:pitest-maven:mutationCoverage"/>
    <property name="java.specification.vendor" value="Oracle Corporation"/>
    <property name="user.language" value="pt"/>
    <property name="awt.toolkit" value="sun.awt.X11.XToolkit"/>
    <property name="java.vm.info" value="mixed mode"/>
    <property name="java.version" value="1.8.0_92"/>
    <property name="java.ext.dirs" value="/local/tools/jdk1.8.0_92/jre/lib/ext:/usr/java/packages/lib/ext"/>
    <property name="securerandom.source" value="file:/dev/./urandom"/>
    <property name="sun.boot.class.path" value="/local/tools/jdk1.8.0_92/jre/lib/resources.jar:/local/tools/jdk1.8.0_92/jre/lib/rt.jar:/local/tools/jdk1.8.0_92/jre/lib/sunrsasign.jar:/local/tools/jdk1.8.0_92/jre/lib/jsse.jar:/local/tools/jdk1.8.0_92/jre/lib/jce.jar:/local/tools/jdk1.8.0_92/jre/lib/charsets.jar:/local/tools/jdk1.8.0_92/jre/lib/jfr.jar:/local/tools/jdk1.8.0_92/jre/classes"/>
    <property name="java.vendor" value="Oracle Corporation"/>
    <property name="maven.home" value="/local/tools/apache-maven-3.3.3"/>
    <property name="file.separator" value="/"/>
    <property name="java.vendor.url.bug" value="http://bugreport.sun.com/bugreport/"/>
    <property name="className" value="ds.CasamentoExato"/>
    <property name="sun.cpu.endian" value="little"/>
    <property name="sun.io.unicode.encoding" value="UnicodeLittle"/>
    <property name="sun.cpu.isalist" value=""/>
  </properties>
  <testcase name="test01" classname="ds.RegressionTest0Maior0" time="0.002"/>
  <testcase name="test02" classname="ds.RegressionTest0Maior0" time="0"/>
  <testcase name="test03" classname="ds.RegressionTest0Maior0" time="0"/>
  <testcase name="test04" classname="ds.RegressionTest0Maior0" time="0"/>
  <testcase name="test05" classname="ds.RegressionTest0Maior0" time="0"/>
  <testcase name="test06" classname="ds.RegressionTest0Maior0" time="0.001"/>
  <testcase name="test07" classname="ds.RegressionTest0Maior0" time="0"/>
  <testcase name="test08" classname="ds.RegressionTest0Maior0" time="0"/>
  <testcase name="test09" classname="ds.RegressionTest0Maior0" time="0"/>
  <testcase name="test10" classname="ds.RegressionTest0Maior0" time="0"/>
  <testcase name="test11" classname="ds.RegressionTest0Maior0" time="0"/>
  <testcase name="test12" classname="ds.RegressionTest0Maior0" time="0"/>
  <testcase name="test13" classname="ds.RegressionTest0Maior0" time="0"/>
  <testcase name="test14" classname="ds.RegressionTest0Maior0" time="0.001"/>
  <testcase name="test15" classname="ds.RegressionTest0Maior0" time="0"/>
  <testcase name="test16" classname="ds.RegressionTest0Maior0" time="0"/>
  <testcase name="test17" classname="ds.RegressionTest0Maior0" time="0"/>
  <testcase name="test18" classname="ds.RegressionTest0Maior0" time="0"/>
  <testcase name="test19" classname="ds.RegressionTest0Maior0" time="0"/>
  <testcase name="test20" classname="ds.RegressionTest0Maior0" time="0.001"/>
  <testcase name="test21" classname="ds.RegressionTest0Maior0" time="0"/>
  <testcase name="test22" classname="ds.RegressionTest0Maior0" time="0"/>
  <testcase name="test23" classname="ds.RegressionTest0Maior0" time="0.003"/>
  <testcase name="test24" classname="ds.RegressionTest0Maior0" time="0"/>
  <testcase name="test25" classname="ds.RegressionTest0Maior0" time="0"/>
  <testcase name="test26" classname="ds.RegressionTest0Maior0" time="0"/>
  <testcase name="test27" classname="ds.RegressionTest0Maior0" time="0"/>
  <testcase name="test28" classname="ds.RegressionTest0Maior0" time="0"/>
  <testcase name="test29" classname="ds.RegressionTest0Maior0" time="0"/>
  <testcase name="test30" classname="ds.RegressionTest0Maior0" time="0"/>
  <testcase name="test31" classname="ds.RegressionTest0Maior0" time="0"/>
  <testcase name="test32" classname="ds.RegressionTest0Maior0" time="0"/>
  <testcase name="test33" classname="ds.RegressionTest0Maior0" time="0"/>
  <testcase name="test34" classname="ds.RegressionTest0Maior0" time="0"/>
  <testcase name="test35" classname="ds.RegressionTest0Maior0" time="0"/>
  <testcase name="test36" classname="ds.RegressionTest0Maior0" time="0"/>
  <testcase name="test37" classname="ds.RegressionTest0Maior0" time="0"/>
  <testcase name="test38" classname="ds.RegressionTest0Maior0" time="0"/>
  <testcase name="test39" classname="ds.RegressionTest0Maior0" time="0.001"/>
  <testcase name="test40" classname="ds.RegressionTest0Maior0" time="0"/>
  <testcase name="test41" classname="ds.RegressionTest0Maior0" time="0"/>
  <testcase name="test42" classname="ds.RegressionTest0Maior0" time="0"/>
  <testcase name="test43" classname="ds.RegressionTest0Maior0" time="0"/>
  <testcase name="test44" classname="ds.RegressionTest0Maior0" time="0"/>
  <testcase name="test45" classname="ds.RegressionTest0Maior0" time="0"/>
  <testcase name="test46" classname="ds.RegressionTest0Maior0" time="0"/>
  <testcase name="test47" classname="ds.RegressionTest0Maior0" time="0"/>
  <testcase name="test48" classname="ds.RegressionTest0Maior0" time="0.001"/>
  <testcase name="test49" classname="ds.RegressionTest0Maior0" time="0"/>
  <testcase name="test50" classname="ds.RegressionTest0Maior0" time="0"/>
  <testcase name="test51" classname="ds.RegressionTest0Maior0" time="0"/>
  <testcase name="test52" classname="ds.RegressionTest0Maior0" time="0"/>
  <testcase name="test53" classname="ds.RegressionTest0Maior0" time="0.001"/>
  <testcase name="test1_1" classname="ds.Marllos" time="0"/>
  <testcase name="test1_2" classname="ds.Marllos" time="0"/>
  <testcase name="test2_1" classname="ds.Marllos" time="0.001"/>
  <testcase name="test2_2" classname="ds.Marllos" time="0"/>
  <testcase name="test3_1" classname="ds.Marllos" time="0"/>
  <testcase name="test3_2" classname="ds.Marllos" time="0"/>
  <testcase name="test4_1" classname="ds.Marllos" time="0.001"/>
  <testcase name="test4_2" classname="ds.Marllos" time="0"/>
  <testcase name="test1_1_I" classname="ds.Marllos" time="0"/>
  <testcase name="test1_1_S" classname="ds.Marllos" time="0"/>
  <testcase name="test2_1_I" classname="ds.Marllos" time="0"/>
  <testcase name="test2_1_S" classname="ds.Marllos" time="0"/>
  <testcase name="test3_1_I" classname="ds.Marllos" time="0"/>
  <testcase name="test3_1_S" classname="ds.Marllos" time="0.001"/>
  <testcase name="test4_1_I" classname="ds.Marllos" time="0"/>
  <testcase name="test4_1_S" classname="ds.Marllos" time="0"/>
  <testcase name="test0" classname="ds.Evo" time="0.001"/>
  <testcase name="test1" classname="ds.Evo" time="0"/>
  <testcase name="test2" classname="ds.Evo" time="0"/>
  <testcase name="test3" classname="ds.Evo" time="0.001"/>
  <testcase name="testBmh_1" classname="ds.CodePro" time="0.001"/>
  <testcase name="testBmh_2" classname="ds.CodePro" time="0"/>
  <testcase name="testBmh_3" classname="ds.CodePro" time="0"/>
  <testcase name="testBmh_4" classname="ds.CodePro" time="0"/>
  <testcase name="testBmh_5" classname="ds.CodePro" time="0"/>
  <testcase name="testBmh_6" classname="ds.CodePro" time="0"/>
  <testcase name="testBmh_7" classname="ds.CodePro" time="0"/>
  <testcase name="testBmh_8" classname="ds.CodePro" time="0"/>
  <testcase name="testBmh_9" classname="ds.CodePro" time="0"/>
  <testcase name="testForcaBruta_1" classname="ds.CodePro" time="0"/>
  <testcase name="testForcaBruta_2" classname="ds.CodePro" time="0"/>
  <testcase name="testForcaBruta_3" classname="ds.CodePro" time="0"/>
  <testcase name="testForcaBruta_4" classname="ds.CodePro" time="0"/>
  <testcase name="testForcaBruta_5" classname="ds.CodePro" time="0"/>
  <testcase name="testForcaBruta_6" classname="ds.CodePro" time="0"/>
  <testcase name="testForcaBruta_7" classname="ds.CodePro" time="0.001"/>
  <testcase name="testForcaBruta_8" classname="ds.CodePro" time="0"/>
  <testcase name="testShiftAndExato_1" classname="ds.CodePro" time="0"/>
  <testcase name="testShiftAndExato_2" classname="ds.CodePro" time="0"/>
  <testcase name="testShiftAndExato_3" classname="ds.CodePro" time="0"/>
  <testcase name="testShiftAndExato_4" classname="ds.CodePro" time="0"/>
  <testcase name="testShiftAndExato_5" classname="ds.CodePro" time="0"/>
  <testcase name="testShiftAndExato_6" classname="ds.CodePro" time="0"/>
  <testcase name="testShiftAndExato_7" classname="ds.CodePro" time="0"/>
  <testcase name="testShiftAndExato_8" classname="ds.CodePro" time="0"/>
  <testcase name="testShiftAndExato_9" classname="ds.CodePro" time="0"/>
  <testcase name="testShiftAndExato_10" classname="ds.CodePro" time="0"/>
  <testcase name="testShiftAndExato_11" classname="ds.CodePro" time="0"/>
  <testcase name="testShiftAndExato_12" classname="ds.CodePro" time="0"/>
  <testcase name="testBmhs_10" classname="ds.CodePro" time="0"/>
  <testcase name="testBmhs_11" classname="ds.CodePro" time="0.001"/>
  <testcase name="testBmhs_12" classname="ds.CodePro" time="0"/>
  <testcase name="testBmhs_13" classname="ds.CodePro" time="0"/>
  <testcase name="testBmhs_14" classname="ds.CodePro" time="0"/>
  <testcase name="testBmhs_15" classname="ds.CodePro" time="0"/>
  <testcase name="testBmhs_16" classname="ds.CodePro" time="0.001"/>
  <testcase name="testCasamentoExato_1" classname="ds.CodePro" time="0"/>
  <testcase name="testBmh_10" classname="ds.CodePro" time="0"/>
  <testcase name="testBmh_11" classname="ds.CodePro" time="0"/>
  <testcase name="testBmh_12" classname="ds.CodePro" time="0"/>
  <testcase name="testBmh_13" classname="ds.CodePro" time="0"/>
  <testcase name="testBmh_14" classname="ds.CodePro" time="0"/>
  <testcase name="testBmh_15" classname="ds.CodePro" time="0"/>
  <testcase name="testBmh_16" classname="ds.CodePro" time="0"/>
  <testcase name="testBmhs_1" classname="ds.CodePro" time="0"/>
  <testcase name="testBmhs_2" classname="ds.CodePro" time="0"/>
  <testcase name="testBmhs_3" classname="ds.CodePro" time="0"/>
  <testcase name="testBmhs_4" classname="ds.CodePro" time="0.001"/>
  <testcase name="testBmhs_5" classname="ds.CodePro" time="0"/>
  <testcase name="testBmhs_6" classname="ds.CodePro" time="0"/>
  <testcase name="testBmhs_7" classname="ds.CodePro" time="0"/>
  <testcase name="testBmhs_8" classname="ds.CodePro" time="0"/>
  <testcase name="testBmhs_9" classname="ds.CodePro" time="0"/>
</testsuite>